#
# There is insufficient memory for the Java Runtime Environment to continue.
# Native memory allocation (malloc) failed to allocate 1141376 bytes for Chunk::new
# Possible reasons:
#   The system is out of physical RAM or swap space
#   The process is running with CompressedOops enabled, and the Java Heap may be blocking the growth of the native heap
# Possible solutions:
#   Reduce memory load on the system
#   Increase physical memory or swap space
#   Check if swap backing store is full
#   Decrease Java heap size (-Xmx/-Xms)
#   Decrease number of Java threads
#   Decrease Java thread stack sizes (-Xss)
#   Set larger code cache with -XX:ReservedCodeCacheSize=
#   JVM is running with Unscaled Compressed Oops mode in which the Java heap is
#     placed in the first 4GB address space. The Java Heap base address is the
#     maximum limit for the native heap growth. Please use -XX:HeapBaseMinAddress
#     to set the Java Heap base and to place the Java Heap above 4GB virtual address.
# This output file may be truncated or incomplete.
#
#  Out of Memory Error (allocation.cpp:389), pid=19316, tid=0x0000000000002034
#
# JRE version: OpenJDK Runtime Environment (8.0_202-b03) (build 1.8.0_202-release-1483-b03)
# Java VM: OpenJDK 64-Bit Server VM (25.202-b03 mixed mode windows-amd64 compressed oops)
# Failed to write core dump. Minidumps are not enabled by default on client versions of Windows
#

---------------  T H R E A D  ---------------

Current thread (0x000000001647d000):  JavaThread "C2 CompilerThread0" daemon [_thread_in_native, id=8244, stack(0x0000000017ad0000,0x0000000017bd0000)]

Stack: [0x0000000017ad0000,0x0000000017bd0000]
[error occurred during error reporting (printing stack bounds), id 0xc0000005]

Native frames: (J=compiled Java code, j=interpreted, Vv=VM code, C=native code)


Current CompileTask:
C2:  67610 14084       4       com.android.tools.r8.graph.DexDebugEventBuilder::a (1005 bytes)


---------------  P R O C E S S  ---------------

Java Threads: ( => current thread )
  0x00000000194c1800 JavaThread "Cache worker for execution history cache (D:\androidFYP\.gradle\5.4.1\executionHistory)" [_thread_blocked, id=1148, stack(0x0000000023e00000,0x0000000023f00000)]
  0x00000000194c0800 JavaThread "Execution worker for ':' Thread 3" [_thread_in_native, id=19616, stack(0x0000000023d00000,0x0000000023e00000)]
  0x00000000189c0800 JavaThread "Execution worker for ':' Thread 2" [_thread_in_native, id=22096, stack(0x0000000023c00000,0x0000000023d00000)]
  0x00000000189c0000 JavaThread "Execution worker for ':'" [_thread_in_Java, id=16576, stack(0x0000000023b00000,0x0000000023c00000)]
  0x00000000189bd800 JavaThread "Cache worker for file content cache (D:\androidFYP\.gradle\5.4.1\fileContent)" [_thread_blocked, id=16504, stack(0x0000000023a00000,0x0000000023b00000)]
  0x00000000189bc000 JavaThread "Cache worker for file content cache (C:\Users\Saad Zahoor\.gradle\caches\5.4.1\fileContent)" [_thread_blocked, id=19852, stack(0x0000000023900000,0x0000000023a00000)]
  0x00000000189be800 JavaThread "Cache worker for Build Output Cleanup Cache (D:\androidFYP\.gradle\buildOutputCleanup)" [_thread_blocked, id=13952, stack(0x0000000023800000,0x0000000023900000)]
  0x00000000189bd000 JavaThread "Build operations Thread 4" [_thread_blocked, id=20420, stack(0x0000000023700000,0x0000000023800000)]
  0x00000000189bf000 JavaThread "Build operations Thread 3" [_thread_blocked, id=16632, stack(0x0000000023600000,0x0000000023700000)]
  0x00000000189b4800 JavaThread "Build operations Thread 2" [_thread_blocked, id=1612, stack(0x0000000023500000,0x0000000023600000)]
  0x00000000189bb800 JavaThread "Build operations" [_thread_blocked, id=21144, stack(0x0000000023400000,0x0000000023500000)]
  0x00000000189ba800 JavaThread "Cache worker for cache directory md-rule (C:\Users\Saad Zahoor\.gradle\caches\5.4.1\md-rule)" [_thread_blocked, id=16112, stack(0x0000000023300000,0x0000000023400000)]
  0x00000000189ba000 JavaThread "Cache worker for cache directory md-supplier (C:\Users\Saad Zahoor\.gradle\caches\5.4.1\md-supplier)" [_thread_blocked, id=1688, stack(0x0000000023200000,0x0000000023300000)]
  0x00000000189b7000 JavaThread "Cache worker for file hash cache (D:\androidFYP\.gradle\5.4.1\fileHashes)" [_thread_blocked, id=18404, stack(0x0000000023100000,0x0000000023200000)]
  0x00000000189b9000 JavaThread "Thread-30" [_thread_blocked, id=13024, stack(0x0000000023000000,0x0000000023100000)]
  0x00000000189b5800 JavaThread "Stdin handler" [_thread_blocked, id=13700, stack(0x0000000022f00000,0x0000000023000000)]
  0x00000000189b1800 JavaThread "Asynchronous log dispatcher for DefaultDaemonConnection: socket connection from /127.0.0.1:5780 to /127.0.0.1:5806" [_thread_blocked, id=6608, stack(0x0000000022e00000,0x0000000022f00000)]
  0x00000000189b3000 JavaThread "Cancel handler" [_thread_blocked, id=21108, stack(0x0000000022d00000,0x0000000022e00000)]
  0x00000000189b6000 JavaThread "Handler for socket connection from /127.0.0.1:5780 to /127.0.0.1:5806" [_thread_in_native, id=13160, stack(0x0000000022c00000,0x0000000022d00000)]
  0x00000000189b2800 JavaThread "Memory manager" [_thread_blocked, id=4320, stack(0x00000000211f0000,0x00000000212f0000)]
  0x00000000189b8800 JavaThread "Cache worker for execution history cache (C:\Users\Saad Zahoor\.gradle\caches\5.4.1\executionHistory)" [_thread_blocked, id=15028, stack(0x00000000202d0000,0x00000000203d0000)]
  0x00000000194bc000 JavaThread "Cache worker for journal cache (C:\Users\Saad Zahoor\.gradle\caches\journal-1)" [_thread_blocked, id=13888, stack(0x000000001bff0000,0x000000001c0f0000)]
  0x00000000194c0000 JavaThread "File lock request listener" [_thread_in_native, id=14792, stack(0x000000001bef0000,0x000000001bff0000)]
  0x00000000194bf000 JavaThread "Cache worker for file hash cache (C:\Users\Saad Zahoor\.gradle\caches\5.4.1\fileHashes)" [_thread_blocked, id=19580, stack(0x000000001bdf0000,0x000000001bef0000)]
  0x000000001959c000 JavaThread "Daemon worker" [_thread_in_native, id=2928, stack(0x000000001b9f0000,0x000000001baf0000)]
  0x00000000193fc000 JavaThread "Daemon periodic checks" [_thread_blocked, id=10036, stack(0x000000001b4f0000,0x000000001b5f0000)]
  0x0000000019304800 JavaThread "Daemon" [_thread_blocked, id=7188, stack(0x000000001b3f0000,0x000000001b4f0000)]
  0x0000000019adf800 JavaThread "Incoming local TCP Connector on port 5780" [_thread_in_native, id=5056, stack(0x000000001b1b0000,0x000000001b2b0000)]
  0x00000000198f1000 JavaThread "Daemon health stats" [_thread_blocked, id=17240, stack(0x000000001ab70000,0x000000001ac70000)]
  0x0000000017cea800 JavaThread "Service Thread" daemon [_thread_blocked, id=13828, stack(0x00000000181d0000,0x00000000182d0000)]
  0x0000000017cd0800 JavaThread "C1 CompilerThread2" daemon [_thread_blocked, id=19072, stack(0x00000000180d0000,0x00000000181d0000)]
  0x0000000016481000 JavaThread "C2 CompilerThread1" daemon [_thread_in_native, id=21160, stack(0x0000000017bd0000,0x0000000017cd0000)]
=>0x000000001647d000 JavaThread "C2 CompilerThread0" daemon [_thread_in_native, id=8244, stack(0x0000000017ad0000,0x0000000017bd0000)]
  0x000000001647b800 JavaThread "Attach Listener" daemon [_thread_blocked, id=21116, stack(0x00000000179d0000,0x0000000017ad0000)]
  0x000000001647a800 JavaThread "Signal Dispatcher" daemon [_thread_blocked, id=13904, stack(0x00000000178d0000,0x00000000179d0000)]
  0x0000000002b0b800 JavaThread "Finalizer" daemon [_thread_blocked, id=21588, stack(0x00000000176d0000,0x00000000177d0000)]
  0x0000000016469000 JavaThread "Reference Handler" daemon [_thread_blocked, id=2180, stack(0x00000000175d0000,0x00000000176d0000)]
  0x0000000002a12800 JavaThread "main" [_thread_blocked, id=22372, stack(0x0000000002910000,0x0000000002a10000)]

Other Threads:
  0x0000000016447000 VMThread [stack: 0x00000000174d0000,0x00000000175d0000] [id=18512]
  0x0000000017ce1800 WatcherThread [stack: 0x00000000182d0000,0x00000000183d0000] [id=15692]

VM state:not at safepoint (normal execution)

VM Mutex/Monitor currently owned by a thread: None

heap address: 0x00000000a0000000, size: 1536 MB, Compressed Oops mode: 32-bit
Narrow klass base: 0x0000000000000000, Narrow klass shift: 3
Compressed class space size: 1073741824 Address: 0x0000000100000000

Heap:
 PSYoungGen      total 497664K, used 229534K [0x00000000e0000000, 0x00000000ffe80000, 0x0000000100000000)
  eden space 473600K, 46% used [0x00000000e0000000,0x00000000ed5fff40,0x00000000fce80000)
  from space 24064K, 43% used [0x00000000fe700000,0x00000000ff127af8,0x00000000ffe80000)
  to   space 24576K, 0% used [0x00000000fce80000,0x00000000fce80000,0x00000000fe680000)
 ParOldGen       total 250880K, used 88436K [0x00000000a0000000, 0x00000000af500000, 0x00000000e0000000)
  object space 250880K, 35% used [0x00000000a0000000,0x00000000a565d270,0x00000000af500000)
 Metaspace       used 76063K, capacity 78954K, committed 79064K, reserved 1118208K
  class space    used 9821K, capacity 10428K, committed 10496K, reserved 1048576K

Card table byte_map: [0x0000000011ed0000,0x00000000121e0000] byte_map_base: 0x00000000119d0000

Marking Bits: (ParMarkBitMap*) 0x000000006a7b9f30
 Begin Bits: [0x00000000127e0000, 0x0000000013fe0000)
 End Bits:   [0x0000000013fe0000, 0x00000000157e0000)

Polling page: 0x0000000002740000

CodeCache: size=245760Kb used=41527Kb max_used=41527Kb free=204232Kb
 bounds [0x0000000002b10000, 0x00000000053f0000, 0x0000000011b10000]
 total_blobs=12937 nmethods=12123 adapters=725
 compilation: enabled

Compilation events (10 events):
Event: 65.533 Thread 0x0000000017cd0800 nmethod 14230 0x0000000004e65d10 code [0x0000000004e65ee0, 0x0000000004e66628]
Event: 65.534 Thread 0x0000000017cd0800 14234       1       com.android.tools.r8.code.MoveException::a (1 bytes)
Event: 65.534 Thread 0x0000000017cd0800 nmethod 14234 0x0000000004adab10 code [0x0000000004adac60, 0x0000000004adad70]
Event: 65.544 Thread 0x0000000017cd0800 14235 %     3       com.android.tools.r8.dex.c::a @ 135 (243 bytes)
Event: 65.550 Thread 0x0000000017cd0800 nmethod 14235% 0x0000000004b69490 code [0x0000000004b699e0, 0x0000000004b6cdb8]
Event: 65.596 Thread 0x0000000017cd0800 14238       2       com.android.tools.r8.ir.code.d::a (28 bytes)
Event: 65.596 Thread 0x0000000017cd0800 nmethod 14238 0x0000000004e65710 code [0x0000000004e658a0, 0x0000000004e65b38]
Event: 65.861 Thread 0x0000000017cd0800 14240       3       com.android.tools.r8.ir.code.CatchHandlers::a (46 bytes)
Event: 65.861 Thread 0x0000000017cd0800 nmethod 14240 0x0000000004e64d90 code [0x0000000004e64f40, 0x0000000004e654d8]
Event: 65.867 Thread 0x0000000017cd0800 14241       3       com.android.tools.r8.ir.code.BasicBlock::a (104 bytes)

GC Heap History (10 events):
Event: 58.909 GC heap before
{Heap before GC invocations=25 (full 3):
 PSYoungGen      total 445952K, used 436998K [0x00000000e0000000, 0x0000000100000000, 0x0000000100000000)
  eden space 419840K, 100% used [0x00000000e0000000,0x00000000f9a00000,0x00000000f9a00000)
  from space 26112K, 65% used [0x00000000f9a00000,0x00000000faac1b50,0x00000000fb380000)
  to   space 26112K, 0% used [0x00000000fe680000,0x00000000fe680000,0x0000000100000000)
 ParOldGen       total 250880K, used 70404K [0x00000000a0000000, 0x00000000af500000, 0x00000000e0000000)
  object space 250880K, 28% used [0x00000000a0000000,0x00000000a44c1380,0x00000000af500000)
 Metaspace       used 75947K, capacity 78756K, committed 79064K, reserved 1118208K
  class space    used 9817K, capacity 10427K, committed 10496K, reserved 1048576K
Event: 58.981 GC heap after
Heap after GC invocations=25 (full 3):
 PSYoungGen      total 498176K, used 18124K [0x00000000e0000000, 0x0000000100000000, 0x0000000100000000)
  eden space 472064K, 0% used [0x00000000e0000000,0x00000000e0000000,0x00000000fcd00000)
  from space 26112K, 69% used [0x00000000fe680000,0x00000000ff833110,0x0000000100000000)
  to   space 26112K, 0% used [0x00000000fcd00000,0x00000000fcd00000,0x00000000fe680000)
 ParOldGen       total 250880K, used 72548K [0x00000000a0000000, 0x00000000af500000, 0x00000000e0000000)
  object space 250880K, 28% used [0x00000000a0000000,0x00000000a46d93f0,0x00000000af500000)
 Metaspace       used 75947K, capacity 78756K, committed 79064K, reserved 1118208K
  class space    used 9817K, capacity 10427K, committed 10496K, reserved 1048576K
}
Event: 59.815 GC heap before
{Heap before GC invocations=26 (full 3):
 PSYoungGen      total 498176K, used 490188K [0x00000000e0000000, 0x0000000100000000, 0x0000000100000000)
  eden space 472064K, 100% used [0x00000000e0000000,0x00000000fcd00000,0x00000000fcd00000)
  from space 26112K, 69% used [0x00000000fe680000,0x00000000ff833110,0x0000000100000000)
  to   space 26112K, 0% used [0x00000000fcd00000,0x00000000fcd00000,0x00000000fe680000)
 ParOldGen       total 250880K, used 72548K [0x00000000a0000000, 0x00000000af500000, 0x00000000e0000000)
  object space 250880K, 28% used [0x00000000a0000000,0x00000000a46d93f0,0x00000000af500000)
 Metaspace       used 75968K, capacity 78884K, committed 79064K, reserved 1118208K
  class space    used 9818K, capacity 10427K, committed 10496K, reserved 1048576K
Event: 59.852 GC heap after
Heap after GC invocations=26 (full 3):
 PSYoungGen      total 487424K, used 15008K [0x00000000e0000000, 0x00000000ffe00000, 0x0000000100000000)
  eden space 472064K, 0% used [0x00000000e0000000,0x00000000e0000000,0x00000000fcd00000)
  from space 15360K, 97% used [0x00000000fcd00000,0x00000000fdba82d0,0x00000000fdc00000)
  to   space 25088K, 0% used [0x00000000fe580000,0x00000000fe580000,0x00000000ffe00000)
 ParOldGen       total 250880K, used 78864K [0x00000000a0000000, 0x00000000af500000, 0x00000000e0000000)
  object space 250880K, 31% used [0x00000000a0000000,0x00000000a4d04250,0x00000000af500000)
 Metaspace       used 75968K, capacity 78884K, committed 79064K, reserved 1118208K
  class space    used 9818K, capacity 10427K, committed 10496K, reserved 1048576K
}
Event: 61.758 GC heap before
{Heap before GC invocations=27 (full 3):
 PSYoungGen      total 487424K, used 487072K [0x00000000e0000000, 0x00000000ffe00000, 0x0000000100000000)
  eden space 472064K, 100% used [0x00000000e0000000,0x00000000fcd00000,0x00000000fcd00000)
  from space 15360K, 97% used [0x00000000fcd00000,0x00000000fdba82d0,0x00000000fdc00000)
  to   space 25088K, 0% used [0x00000000fe580000,0x00000000fe580000,0x00000000ffe00000)
 ParOldGen       total 250880K, used 78864K [0x00000000a0000000, 0x00000000af500000, 0x00000000e0000000)
  object space 250880K, 31% used [0x00000000a0000000,0x00000000a4d04280,0x00000000af500000)
 Metaspace       used 76011K, capacity 78890K, committed 79064K, reserved 1118208K
  class space    used 9818K, capacity 10428K, committed 10496K, reserved 1048576K
Event: 61.799 GC heap after
Heap after GC invocations=27 (full 3):
 PSYoungGen      total 496640K, used 6944K [0x00000000e0000000, 0x0000000100000000, 0x0000000100000000)
  eden space 471552K, 0% used [0x00000000e0000000,0x00000000e0000000,0x00000000fcc80000)
  from space 25088K, 27% used [0x00000000fe580000,0x00000000fec48080,0x00000000ffe00000)
  to   space 25600K, 0% used [0x00000000fcc80000,0x00000000fcc80000,0x00000000fe580000)
 ParOldGen       total 250880K, used 83025K [0x00000000a0000000, 0x00000000af500000, 0x00000000e0000000)
  object space 250880K, 33% used [0x00000000a0000000,0x00000000a5114500,0x00000000af500000)
 Metaspace       used 76011K, capacity 78890K, committed 79064K, reserved 1118208K
  class space    used 9818K, capacity 10428K, committed 10496K, reserved 1048576K
}
Event: 62.895 GC heap before
{Heap before GC invocations=28 (full 3):
 PSYoungGen      total 496640K, used 478496K [0x00000000e0000000, 0x0000000100000000, 0x0000000100000000)
  eden space 471552K, 100% used [0x00000000e0000000,0x00000000fcc80000,0x00000000fcc80000)
  from space 25088K, 27% used [0x00000000fe580000,0x00000000fec48080,0x00000000ffe00000)
  to   space 25600K, 0% used [0x00000000fcc80000,0x00000000fcc80000,0x00000000fe580000)
 ParOldGen       total 250880K, used 83068K [0x00000000a0000000, 0x00000000af500000, 0x00000000e0000000)
  object space 250880K, 33% used [0x00000000a0000000,0x00000000a511f218,0x00000000af500000)
 Metaspace       used 76044K, capacity 78890K, committed 79064K, reserved 1118208K
  class space    used 9820K, capacity 10428K, committed 10496K, reserved 1048576K
Event: 62.912 GC heap after
Heap after GC invocations=28 (full 3):
 PSYoungGen      total 497152K, used 9363K [0x00000000e0000000, 0x00000000fff80000, 0x0000000100000000)
  eden space 471552K, 0% used [0x00000000e0000000,0x00000000e0000000,0x00000000fcc80000)
  from space 25600K, 36% used [0x00000000fcc80000,0x00000000fd5a4f70,0x00000000fe580000)
  to   space 25088K, 0% used [0x00000000fe700000,0x00000000fe700000,0x00000000fff80000)
 ParOldGen       total 250880K, used 84084K [0x00000000a0000000, 0x00000000af500000, 0x00000000e0000000)
  object space 250880K, 33% used [0x00000000a0000000,0x00000000a521d218,0x00000000af500000)
 Metaspace       used 76044K, capacity 78890K, committed 79064K, reserved 1118208K
  class space    used 9820K, capacity 10428K, committed 10496K, reserved 1048576K
}
Event: 64.396 GC heap before
{Heap before GC invocations=29 (full 3):
 PSYoungGen      total 497152K, used 480915K [0x00000000e0000000, 0x00000000fff80000, 0x0000000100000000)
  eden space 471552K, 100% used [0x00000000e0000000,0x00000000fcc80000,0x00000000fcc80000)
  from space 25600K, 36% used [0x00000000fcc80000,0x00000000fd5a4f70,0x00000000fe580000)
  to   space 25088K, 0% used [0x00000000fe700000,0x00000000fe700000,0x00000000fff80000)
 ParOldGen       total 250880K, used 84084K [0x00000000a0000000, 0x00000000af500000, 0x00000000e0000000)
  object space 250880K, 33% used [0x00000000a0000000,0x00000000a521d218,0x00000000af500000)
 Metaspace       used 76056K, capacity 78954K, committed 79064K, reserved 1118208K
  class space    used 9821K, capacity 10428K, committed 10496K, reserved 1048576K
Event: 64.410 GC heap after
Heap after GC invocations=29 (full 3):
 PSYoungGen      total 497664K, used 10398K [0x00000000e0000000, 0x00000000ffe80000, 0x0000000100000000)
  eden space 473600K, 0% used [0x00000000e0000000,0x00000000e0000000,0x00000000fce80000)
  from space 24064K, 43% used [0x00000000fe700000,0x00000000ff127af8,0x00000000ffe80000)
  to   space 24576K, 0% used [0x00000000fce80000,0x00000000fce80000,0x00000000fe680000)
 ParOldGen       total 250880K, used 88436K [0x00000000a0000000, 0x00000000af500000, 0x00000000e0000000)
  object space 250880K, 35% used [0x00000000a0000000,0x00000000a565d270,0x00000000af500000)
 Metaspace       used 76056K, capacity 78954K, committed 79064K, reserved 1118208K
  class space    used 9821K, capacity 10428K, committed 10496K, reserved 1048576K
}

Deoptimization events (10 events):
Event: 59.340 Thread 0x00000000189c0000 Uncommon trap: reason=unstable_if action=reinterpret pc=0x00000000051aeebc method=com.android.tools.r8.ir.optimize.PeepholeOptimizer.a(Lcom/android/tools/r8/ir/code/IRCode;Lcom/android/tools/r8/ir/regalloc/RegisterAllocator;I)V @ 787
Event: 59.400 Thread 0x00000000189c0000 Uncommon trap: reason=class_check action=maybe_recompile pc=0x0000000004c17c7c method=com.android.tools.r8.ir.analysis.g.e.b(Lcom/android/tools/r8/ir/code/Instruction;)V @ 241
Event: 59.786 Thread 0x00000000189c0000 Uncommon trap: reason=class_check action=maybe_recompile pc=0x0000000004c17c7c method=com.android.tools.r8.ir.analysis.g.e.b(Lcom/android/tools/r8/ir/code/Instruction;)V @ 241
Event: 60.545 Thread 0x00000000189c0000 Uncommon trap: reason=unstable_if action=reinterpret pc=0x00000000033dbbdc method=java.util.HashMap.getNode(ILjava/lang/Object;)Ljava/util/HashMap$Node; @ 84
Event: 60.713 Thread 0x00000000189c0000 Uncommon trap: reason=unstable_if action=reinterpret pc=0x00000000052d9970 method=com.android.tools.r8.ir.regalloc.LinearScanRegisterAllocator.a(Lcom/android/tools/r8/ir/regalloc/LinearScanRegisterAllocator$a;Z)Lcom/android/tools/r8/ir/regalloc/LinearScan
Event: 60.714 Thread 0x00000000189c0000 Uncommon trap: reason=unstable_if action=reinterpret pc=0x000000000515f594 method=com.android.tools.r8.ir.regalloc.LinearScanRegisterAllocator.a(Lcom/android/tools/r8/ir/regalloc/LinearScanRegisterAllocator$a;Z)Lcom/android/tools/r8/ir/regalloc/LinearScan
Event: 61.979 Thread 0x00000000189c0000 Uncommon trap: reason=unstable_if action=reinterpret pc=0x00000000040ecb90 method=com.android.tools.r8.graph.DexString.<init>(Ljava/lang/String;)V @ 32
Event: 61.979 Thread 0x00000000189c0000 Uncommon trap: reason=unstable_if action=reinterpret pc=0x0000000004648408 method=com.android.tools.r8.graph.DexString.<init>(Ljava/lang/String;)V @ 32
Event: 62.743 Thread 0x00000000189c0000 Uncommon trap: reason=null_check action=make_not_entrant pc=0x000000000457b81c method=com.android.tools.r8.graph.DexString.b(Ljava/lang/Object;)Z @ 1
Event: 64.224 Thread 0x000000001959c000 Uncommon trap: reason=unstable_if action=reinterpret pc=0x00000000043f543c method=com.google.common.cache.LocalCache$Segment.evictEntries(Lcom/google/common/cache/ReferenceEntry;)V @ 69

Classes redefined (0 events):
No events

Internal exceptions (10 events):
Event: 62.530 Thread 0x00000000189c0000 Exception <a 'sun/nio/fs/WindowsException'> (0x00000000f2ce66b8) thrown at [D:\src\AOSP-openjdk-cygwin\jdk8u\hotspot\src\share\vm\prims\jni.cpp, line 710]
Event: 62.743 Thread 0x00000000189c0000 Implicit null exception at 0x000000000457b68f to 0x000000000457b80d
Event: 62.788 Thread 0x00000000189c0000 Exception <a 'sun/nio/fs/WindowsException'> (0x00000000f8bf4048) thrown at [D:\src\AOSP-openjdk-cygwin\jdk8u\hotspot\src\share\vm\prims\jni.cpp, line 710]
Event: 62.795 Thread 0x00000000189c0800 Exception <a 'sun/nio/fs/WindowsException'> (0x00000000f9129b08) thrown at [D:\src\AOSP-openjdk-cygwin\jdk8u\hotspot\src\share\vm\prims\jni.cpp, line 710]
Event: 62.826 Thread 0x000000001959c000 Exception <a 'sun/nio/fs/WindowsException'> (0x00000000f6a5ae70) thrown at [D:\src\AOSP-openjdk-cygwin\jdk8u\hotspot\src\share\vm\prims\jni.cpp, line 710]
Event: 64.104 Thread 0x00000000189c0000 Exception <a 'sun/nio/fs/WindowsException'> (0x00000000f031b920) thrown at [D:\src\AOSP-openjdk-cygwin\jdk8u\hotspot\src\share\vm\prims\jni.cpp, line 710]
Event: 64.168 Thread 0x00000000189c0800 Exception <a 'sun/nio/fs/WindowsException'> (0x00000000f1d0a460) thrown at [D:\src\AOSP-openjdk-cygwin\jdk8u\hotspot\src\share\vm\prims\jni.cpp, line 710]
Event: 64.209 Thread 0x000000001959c000 Exception <a 'sun/nio/fs/WindowsException'> (0x00000000f3bc17e0) thrown at [D:\src\AOSP-openjdk-cygwin\jdk8u\hotspot\src\share\vm\prims\jni.cpp, line 710]
Event: 64.367 Thread 0x00000000189c0800 Exception <a 'sun/nio/fs/WindowsException'> (0x00000000fbc432c0) thrown at [D:\src\AOSP-openjdk-cygwin\jdk8u\hotspot\src\share\vm\prims\jni.cpp, line 710]
Event: 64.508 Thread 0x00000000189c0800 Exception <a 'sun/nio/fs/WindowsException'> (0x00000000e307f228) thrown at [D:\src\AOSP-openjdk-cygwin\jdk8u\hotspot\src\share\vm\prims\jni.cpp, line 710]

Events (10 events):
Event: 65.968 Thread 0x00000000189c0000 DEOPT PACKING pc=0x00000000048776f2 sp=0x0000000023bfa410
Event: 65.968 Thread 0x00000000189c0000 DEOPT UNPACKING pc=0x0000000002b575d0 sp=0x0000000023bfa420 mode 0
Event: 66.005 Thread 0x00000000189c0000 DEOPT PACKING pc=0x00000000048aa052 sp=0x0000000023bfa710
Event: 66.005 Thread 0x00000000189c0000 DEOPT UNPACKING pc=0x0000000002b575d0 sp=0x0000000023bfa630 mode 0
Event: 66.006 Thread 0x00000000189c0000 DEOPT PACKING pc=0x0000000004710be3 sp=0x0000000023bfaa40
Event: 66.006 Thread 0x00000000189c0000 DEOPT UNPACKING pc=0x0000000002b575d0 sp=0x0000000023bfa8c0 mode 0
Event: 66.058 Thread 0x00000000189c0000 DEOPT PACKING pc=0x00000000048aa052 sp=0x0000000023bfa710
Event: 66.058 Thread 0x00000000189c0000 DEOPT UNPACKING pc=0x0000000002b575d0 sp=0x0000000023bfa630 mode 0
Event: 66.097 Thread 0x00000000189c0000 DEOPT PACKING pc=0x0000000004f36b42 sp=0x0000000023bfa3d0
Event: 66.097 Thread 0x00000000189c0000 DEOPT UNPACKING pc=0x0000000002b575d0 sp=0x0000000023bfa438 mode 0


Dynamic libraries:
0x00007ff7846e0000 - 0x00007ff784711000 	C:\Program Files\Android\Android Studio\jre\bin\java.exe
0x00007ffb430e0000 - 0x00007ffb432cd000 	C:\WINDOWS\SYSTEM32\ntdll.dll
0x00007ffb41ce0000 - 0x00007ffb41d93000 	C:\WINDOWS\System32\KERNEL32.DLL
0x00007ffb3f590000 - 0x00007ffb3f823000 	C:\WINDOWS\System32\KERNELBASE.dll
0x00007ffb41e50000 - 0x00007ffb41ef3000 	C:\WINDOWS\System32\ADVAPI32.dll
0x00007ffb40460000 - 0x00007ffb404fe000 	C:\WINDOWS\System32\msvcrt.dll
0x00007ffb41db0000 - 0x00007ffb41e4e000 	C:\WINDOWS\System32\sechost.dll
0x00007ffb41bb0000 - 0x00007ffb41cd2000 	C:\WINDOWS\System32\RPCRT4.dll
0x00007ffb42600000 - 0x00007ffb42797000 	C:\WINDOWS\System32\USER32.dll
0x00007ffb3f1a0000 - 0x00007ffb3f1c0000 	C:\WINDOWS\System32\win32u.dll
0x00007ffb41f80000 - 0x00007ffb41fa9000 	C:\WINDOWS\System32\GDI32.dll
0x00007ffb3f220000 - 0x00007ffb3f3b9000 	C:\WINDOWS\System32\gdi32full.dll
0x00007ffb3f3c0000 - 0x00007ffb3f460000 	C:\WINDOWS\System32\msvcp_win.dll
0x00007ffb3f460000 - 0x00007ffb3f55a000 	C:\WINDOWS\System32\ucrtbase.dll
0x00007ffb33090000 - 0x00007ffb33309000 	C:\WINDOWS\WinSxS\amd64_microsoft.windows.common-controls_6595b64144ccf1df_6.0.17763.973_none_05b245900721eb81\COMCTL32.dll
0x00007ffb42230000 - 0x00007ffb4255c000 	C:\WINDOWS\System32\combase.dll
0x00007ffb40280000 - 0x00007ffb402fe000 	C:\WINDOWS\System32\bcryptPrimitives.dll
0x00007ffb42560000 - 0x00007ffb4258e000 	C:\WINDOWS\System32\IMM32.DLL
0x0000000069f10000 - 0x0000000069fe2000 	C:\Program Files\Android\Android Studio\jre\jre\bin\msvcr100.dll
0x0000000069ff0000 - 0x000000006a836000 	C:\Program Files\Android\Android Studio\jre\jre\bin\server\jvm.dll
0x00007ffb42910000 - 0x00007ffb42918000 	C:\WINDOWS\System32\PSAPI.DLL
0x00007ffb31cb0000 - 0x00007ffb31cb9000 	C:\WINDOWS\SYSTEM32\WSOCK32.dll
0x00007ffb41fb0000 - 0x00007ffb4201d000 	C:\WINDOWS\System32\WS2_32.dll
0x00007ffb35700000 - 0x00007ffb35724000 	C:\WINDOWS\SYSTEM32\WINMM.dll
0x00007ffb3afe0000 - 0x00007ffb3afea000 	C:\WINDOWS\SYSTEM32\VERSION.dll
0x00007ffb356d0000 - 0x00007ffb356fd000 	C:\WINDOWS\SYSTEM32\WINMMBASE.dll
0x00007ffb3f8e0000 - 0x00007ffb3f92a000 	C:\WINDOWS\System32\cfgmgr32.dll
0x00007ffb39d70000 - 0x00007ffb39d7f000 	C:\Program Files\Android\Android Studio\jre\jre\bin\verify.dll
0x00007ffb34910000 - 0x00007ffb34939000 	C:\Program Files\Android\Android Studio\jre\jre\bin\java.dll
0x00007ffb348f0000 - 0x00007ffb34906000 	C:\Program Files\Android\Android Studio\jre\jre\bin\zip.dll
0x00007ffb405e0000 - 0x00007ffb41ad4000 	C:\WINDOWS\System32\SHELL32.dll
0x00007ffb41b00000 - 0x00007ffb41ba8000 	C:\WINDOWS\System32\shcore.dll
0x00007ffb3f930000 - 0x00007ffb4007d000 	C:\WINDOWS\System32\windows.storage.dll
0x00007ffb3f170000 - 0x00007ffb3f194000 	C:\WINDOWS\System32\profapi.dll
0x00007ffb3f0d0000 - 0x00007ffb3f12d000 	C:\WINDOWS\System32\powrprof.dll
0x00007ffb42f20000 - 0x00007ffb42f72000 	C:\WINDOWS\System32\shlwapi.dll
0x00007ffb3f150000 - 0x00007ffb3f161000 	C:\WINDOWS\System32\kernel.appcore.dll
0x00007ffb40260000 - 0x00007ffb40277000 	C:\WINDOWS\System32\cryptsp.dll
0x00007ffb348d0000 - 0x00007ffb348ea000 	C:\Program Files\Android\Android Studio\jre\jre\bin\net.dll
0x00007ffb3e940000 - 0x00007ffb3e9a7000 	C:\WINDOWS\system32\mswsock.dll
0x00007ffb348b0000 - 0x00007ffb348c1000 	C:\Program Files\Android\Android Studio\jre\jre\bin\nio.dll
0x00007ffb0b380000 - 0x00007ffb0b3a6000 	C:\Users\Saad Zahoor\.gradle\native\29\windows-amd64\native-platform.dll
0x00007ffb34dd0000 - 0x00007ffb34ddd000 	C:\Program Files\Android\Android Studio\jre\jre\bin\management.dll
0x00007ffb3e4c0000 - 0x00007ffb3e4f3000 	C:\WINDOWS\system32\rsaenh.dll
0x00007ffb3f560000 - 0x00007ffb3f586000 	C:\WINDOWS\System32\bcrypt.dll
0x00007ffb3f000000 - 0x00007ffb3f028000 	C:\WINDOWS\SYSTEM32\USERENV.dll
0x00007ffb3eb10000 - 0x00007ffb3eb1c000 	C:\WINDOWS\SYSTEM32\CRYPTBASE.dll
0x00007ffb3e660000 - 0x00007ffb3e69d000 	C:\WINDOWS\SYSTEM32\IPHLPAPI.DLL
0x00007ffb41da0000 - 0x00007ffb41da8000 	C:\WINDOWS\System32\NSI.dll
0x00007ffb37080000 - 0x00007ffb37096000 	C:\WINDOWS\SYSTEM32\dhcpcsvc6.DLL
0x00007ffb37560000 - 0x00007ffb3757c000 	C:\WINDOWS\SYSTEM32\dhcpcsvc.DLL
0x00007ffb3e6a0000 - 0x00007ffb3e766000 	C:\WINDOWS\SYSTEM32\DNSAPI.dll

VM Arguments:
jvm_args: -Xmx1536m -Dfile.encoding=windows-1252 -Duser.country=US -Duser.language=en -Duser.variant 
java_command: org.gradle.launcher.daemon.bootstrap.GradleDaemon 5.4.1
java_class_path (initial): C:\Users\Saad Zahoor\.gradle\wrapper\dists\gradle-5.4.1-all\3221gyojl5jsh0helicew7rwx\gradle-5.4.1\lib\gradle-launcher-5.4.1.jar
Launcher Type: SUN_STANDARD

Environment Variables:
JAVA_HOME=C:\Program Files\Java\jdk1.8.0_131
USERNAME=Saad Zahoor
OS=Windows_NT
PROCESSOR_IDENTIFIER=Intel64 Family 6 Model 158 Stepping 9, GenuineIntel



---------------  S Y S T E M  ---------------

OS: Windows 10.0 , 64 bit Build 17763 (10.0.17763.475)

CPU:total 4 (initial active 4) (4 cores per cpu, 1 threads per core) family 6 model 158 stepping 9, cmov, cx8, fxsr, mmx, sse, sse2, sse3, ssse3, sse4.1, sse4.2, popcnt, avx, avx2, aes, clmul, erms, 3dnowpref, lzcnt, tsc, tscinvbit, bmi1, bmi2, adx

Memory: 4k page, physical 16640476k(3712704k free), swap 21281492k(1065272k free)

vm_info: OpenJDK 64-Bit Server VM (25.202-b03) for windows-amd64 JRE (1.8.0_202-release-1483-b03), built by "builder" with MS VC++ 10.0 (VS2010)

time: Fri Jan 17 21:37:26 2020
timezone: Pakistan Standard Time
elapsed time: 92 seconds (0d 0h 1m 32s)

